Arguments: 
  /Users/felipemachado/.nvm/versions/node/v14.17.4/bin/node /Users/felipemachado/.yarn/bin/yarn.js build

PATH: 
  /Users/felipemachado/.yarn/bin:/Users/felipemachado/.config/yarn/global/node_modules/.bin:/Users/felipemachado/.nvm/versions/node/v14.17.4/bin:/opt/homebrew/bin:/usr/local/bin:/usr/local/bin:/usr/bin:/bin:/usr/sbin:/sbin:/Library/Apple/usr/bin

Yarn version: 
  1.22.15

Node version: 
  14.17.4

Platform: 
  darwin x64

Trace: 
  SyntaxError: /Users/felipemachado/repos/volvo/microfrontend/mfp/packages/marketing/package.json: Unexpected string in JSON at position 126
      at JSON.parse (<anonymous>)
      at /Users/felipemachado/.yarn/lib/cli.js:1625:59
      at Generator.next (<anonymous>)
      at step (/Users/felipemachado/.yarn/lib/cli.js:310:30)
      at /Users/felipemachado/.yarn/lib/cli.js:321:13

npm manifest: 
  {
    "name": "marketing",
    "version": "1.0.0",
    "scripts": {
      "start": "webpack serve --config config/webpack.dev.js"
      "build": "webpack --config config/webpack.prod.js"
    },
    "dependencies": {
      "@material-ui/core": "^4.11.0",
      "@material-ui/icons": "^4.9.1",
      "react": "^17.0.1",
      "react-dom": "^17.0.1",
      "react-router-dom": "^5.2.0"
    },
    "devDependencies": {
      "@babel/core": "^7.12.3",
      "@babel/plugin-transform-runtime": "^7.12.1",
      "@babel/preset-env": "^7.12.1",
      "@babel/preset-react": "^7.12.1",
      "babel-loader": "^8.1.0",
      "clean-webpack-plugin": "^3.0.0",
      "css-loader": "^5.0.0",
      "html-webpack-plugin": "^4.5.0",
      "style-loader": "^2.0.0",
      "webpack": "^5.4.0",
      "webpack-cli": "^4.1.0",
      "webpack-dev-server": "^3.11.0",
      "webpack-merge": "^5.2.0"
    }
  }

yarn manifest: 
  No manifest

Lockfile: 
  No lockfile
